Determining if the pthread_create exist failed with the following output:
Change Dir: /home/epsilon/selfcar_ws/src/global_path_planner/build/CMakeFiles/CMakeTmp

Run Build Command:"/usr/bin/make" "cmTC_8dbe9/fast"
/usr/bin/make -f CMakeFiles/cmTC_8dbe9.dir/build.make CMakeFiles/cmTC_8dbe9.dir/build
make[1]: Entering directory '/home/epsilon/selfcar_ws/src/global_path_planner/build/CMakeFiles/CMakeTmp'
Building C object CMakeFiles/cmTC_8dbe9.dir/CheckSymbolExists.c.o
/usr/bin/gcc-5     -o CMakeFiles/cmTC_8dbe9.dir/CheckSymbolExists.c.o   -c /home/epsilon/selfcar_ws/src/global_path_planner/build/CMakeFiles/CMakeTmp/CheckSymbolExists.c
Linking C executable cmTC_8dbe9
/usr/bin/cmake -E cmake_link_script CMakeFiles/cmTC_8dbe9.dir/link.txt --verbose=1
/usr/bin/gcc-5       CMakeFiles/cmTC_8dbe9.dir/CheckSymbolExists.c.o  -o cmTC_8dbe9 -rdynamic 
CMakeFiles/cmTC_8dbe9.dir/CheckSymbolExists.c.o: In function `main':
CheckSymbolExists.c:(.text+0x16): undefined reference to `pthread_create'
collect2: error: ld returned 1 exit status
CMakeFiles/cmTC_8dbe9.dir/build.make:97: recipe for target 'cmTC_8dbe9' failed
make[1]: *** [cmTC_8dbe9] Error 1
make[1]: Leaving directory '/home/epsilon/selfcar_ws/src/global_path_planner/build/CMakeFiles/CMakeTmp'
Makefile:126: recipe for target 'cmTC_8dbe9/fast' failed
make: *** [cmTC_8dbe9/fast] Error 2

File /home/epsilon/selfcar_ws/src/global_path_planner/build/CMakeFiles/CMakeTmp/CheckSymbolExists.c:
/* */
#include <pthread.h>

int main(int argc, char** argv)
{
  (void)argv;
#ifndef pthread_create
  return ((int*)(&pthread_create))[argc];
#else
  (void)argc;
  return 0;
#endif
}

Determining if the function pthread_create exists in the pthreads failed with the following output:
Change Dir: /home/epsilon/selfcar_ws/src/global_path_planner/build/CMakeFiles/CMakeTmp

Run Build Command:"/usr/bin/make" "cmTC_4ca15/fast"
/usr/bin/make -f CMakeFiles/cmTC_4ca15.dir/build.make CMakeFiles/cmTC_4ca15.dir/build
make[1]: Entering directory '/home/epsilon/selfcar_ws/src/global_path_planner/build/CMakeFiles/CMakeTmp'
Building C object CMakeFiles/cmTC_4ca15.dir/CheckFunctionExists.c.o
/usr/bin/gcc-5    -DCHECK_FUNCTION_EXISTS=pthread_create   -o CMakeFiles/cmTC_4ca15.dir/CheckFunctionExists.c.o   -c /usr/share/cmake-3.5/Modules/CheckFunctionExists.c
Linking C executable cmTC_4ca15
/usr/bin/cmake -E cmake_link_script CMakeFiles/cmTC_4ca15.dir/link.txt --verbose=1
/usr/bin/gcc-5   -DCHECK_FUNCTION_EXISTS=pthread_create    CMakeFiles/cmTC_4ca15.dir/CheckFunctionExists.c.o  -o cmTC_4ca15 -rdynamic -lpthreads 
/usr/bin/ld: cannot find -lpthreads
collect2: error: ld returned 1 exit status
CMakeFiles/cmTC_4ca15.dir/build.make:97: recipe for target 'cmTC_4ca15' failed
make[1]: *** [cmTC_4ca15] Error 1
make[1]: Leaving directory '/home/epsilon/selfcar_ws/src/global_path_planner/build/CMakeFiles/CMakeTmp'
Makefile:126: recipe for target 'cmTC_4ca15/fast' failed
make: *** [cmTC_4ca15/fast] Error 2


